# JRE version: OpenJDK Runtime Environment (17.0.6) (build 17.0.6+0-b2043.56-9586694)
# Java VM: OpenJDK 64-Bit Server VM (17.0.6+0-b2043.56-9586694, mixed mode, tiered, compressed oops, compressed class ptrs, g1 gc, windows-amd64)
GC Precious Log:
 CPUs: 4 total, 4 available
 Memory: 16269M
 Large Page Support: Disabled
 NUMA Support: Disabled
 Compressed Oops: Enabled (32-bit)
 Heap Region Size: 1M
 Heap Min Capacity: 8M
 Heap Initial Capacity: 256M
 Heap Max Capacity: 1536M
 Pre-touch: Disabled
 Parallel Workers: 4
 Concurrent Workers: 1
 Concurrent Refinement Workers: 4
 Periodic GC: Disabled
Heap:
 garbage-first heap   total 94208K, used 55395K [0x00000000a0000000, 0x0000000100000000)
  region size 1024K, 4 young (4096K), 2 survivors (2048K)
 Metaspace       used 51336K, committed 51712K, reserved 1097728K
  class space    used 6736K, committed 6912K, reserved 1048576K
GC Heap History (20 events):
Event: 32.720 GC heap before
{Heap before GC invocations=13 (full 0):
 garbage-first heap   total 65536K, used 49929K [0x00000000a0000000, 0x0000000100000000)
  region size 1024K, 25 young (25600K), 3 survivors (3072K)
 Metaspace       used 44476K, committed 44864K, reserved 1089536K
  class space    used 5879K, committed 6016K, reserved 1048576K
}
Event: 32.725 GC heap after
{Heap after GC invocations=14 (full 0):
 garbage-first heap   total 65536K, used 29743K [0x00000000a0000000, 0x0000000100000000)
  region size 1024K, 4 young (4096K), 4 survivors (4096K)
 Metaspace       used 44476K, committed 44864K, reserved 1089536K
  class space    used 5879K, committed 6016K, reserved 1048576K
}
Event: 33.633 GC heap before
{Heap before GC invocations=14 (full 0):
 garbage-first heap   total 65536K, used 50223K [0x00000000a0000000, 0x0000000100000000)
  region size 1024K, 24 young (24576K), 4 survivors (4096K)
 Metaspace       used 46544K, committed 46976K, reserved 1089536K
  class space    used 6080K, committed 6272K, reserved 1048576K
}
Event: 33.639 GC heap after
{Heap after GC invocations=15 (full 0):
 garbage-first heap   total 65536K, used 32176K [0x00000000a0000000, 0x0000000100000000)
  region size 1024K, 3 young (3072K), 3 survivors (3072K)
 Metaspace       used 46544K, committed 46976K, reserved 1089536K
  class space    used 6080K, committed 6272K, reserved 1048576K
}
Event: 34.233 GC heap before
{Heap before GC invocations=15 (full 0):
 garbage-first heap   total 65536K, used 50608K [0x00000000a0000000, 0x0000000100000000)
  region size 1024K, 21 young (21504K), 3 survivors (3072K)
 Metaspace       used 48774K, committed 49152K, reserved 1097728K
  class space    used 6420K, committed 6592K, reserved 1048576K
}
Event: 34.236 GC heap after
{Heap after GC invocations=16 (full 0):
 garbage-first heap   total 65536K, used 32989K [0x00000000a0000000, 0x0000000100000000)
  region size 1024K, 2 young (2048K), 2 survivors (2048K)
 Metaspace       used 48774K, committed 49152K, reserved 1097728K
  class space    used 6420K, committed 6592K, reserved 1048576K
}
Event: 48.378 GC heap before
{Heap before GC invocations=17 (full 0):
 garbage-first heap   total 65536K, used 51421K [0x00000000a0000000, 0x0000000100000000)
  region size 1024K, 20 young (20480K), 2 survivors (2048K)
 Metaspace       used 50305K, committed 50688K, reserved 1097728K
  class space    used 6604K, committed 6784K, reserved 1048576K
}
Event: 48.382 GC heap after
{Heap after GC invocations=18 (full 0):
 garbage-first heap   total 65536K, used 35264K [0x00000000a0000000, 0x0000000100000000)
  region size 1024K, 3 young (3072K), 3 survivors (3072K)
 Metaspace       used 50305K, committed 50688K, reserved 1097728K
  class space    used 6604K, committed 6784K, reserved 1048576K
}
Event: 57.425 GC heap before
{Heap before GC invocations=18 (full 0):
 garbage-first heap   total 65536K, used 49600K [0x00000000a0000000, 0x0000000100000000)
  region size 1024K, 18 young (18432K), 3 survivors (3072K)
 Metaspace       used 50929K, committed 51328K, reserved 1097728K
  class space    used 6683K, committed 6848K, reserved 1048576K
}
Event: 57.431 GC heap after
{Heap after GC invocations=19 (full 0):
 garbage-first heap   total 65536K, used 38272K [0x00000000a0000000, 0x0000000100000000)
  region size 1024K, 3 young (3072K), 3 survivors (3072K)
 Metaspace       used 50929K, committed 51328K, reserved 1097728K
  class space    used 6683K, committed 6848K, reserved 1048576K
}
Event: 58.910 GC heap before
{Heap before GC invocations=20 (full 0):
 garbage-first heap   total 68608K, used 46464K [0x00000000a0000000, 0x0000000100000000)
  region size 1024K, 13 young (13312K), 3 survivors (3072K)
 Metaspace       used 51261K, committed 51712K, reserved 1097728K
  class space    used 6725K, committed 6912K, reserved 1048576K
}
Event: 58.914 GC heap after
{Heap after GC invocations=21 (full 0):
 garbage-first heap   total 68608K, used 39387K [0x00000000a0000000, 0x0000000100000000)
  region size 1024K, 2 young (2048K), 2 survivors (2048K)
 Metaspace       used 51261K, committed 51712K, reserved 1097728K
  class space    used 6725K, committed 6912K, reserved 1048576K
}
Event: 59.124 GC heap before
{Heap before GC invocations=22 (full 0):
 garbage-first heap   total 71680K, used 40411K [0x00000000a0000000, 0x0000000100000000)
  region size 1024K, 3 young (3072K), 2 survivors (2048K)
 Metaspace       used 51261K, committed 51712K, reserved 1097728K
  class space    used 6725K, committed 6912K, reserved 1048576K
}
Event: 59.126 GC heap after
{Heap after GC invocations=23 (full 0):
 garbage-first heap   total 71680K, used 40415K [0x00000000a0000000, 0x0000000100000000)
  region size 1024K, 2 young (2048K), 2 survivors (2048K)
 Metaspace       used 51261K, committed 51712K, reserved 1097728K
  class space    used 6725K, committed 6912K, reserved 1048576K
}
Event: 60.118 GC heap before
{Heap before GC invocations=24 (full 0):
 garbage-first heap   total 73728K, used 41439K [0x00000000a0000000, 0x0000000100000000)
  region size 1024K, 3 young (3072K), 2 survivors (2048K)
 Metaspace       used 51261K, committed 51712K, reserved 1097728K
  class space    used 6725K, committed 6912K, reserved 1048576K
}
Event: 60.119 GC heap after
{Heap after GC invocations=25 (full 0):
 garbage-first heap   total 73728K, used 42644K [0x00000000a0000000, 0x0000000100000000)
  region size 1024K, 3 young (3072K), 3 survivors (3072K)
 Metaspace       used 51261K, committed 51712K, reserved 1097728K
  class space    used 6725K, committed 6912K, reserved 1048576K
}
Event: 68.035 GC heap before
{Heap before GC invocations=26 (full 0):
 garbage-first heap   total 76800K, used 44692K [0x00000000a0000000, 0x0000000100000000)
  region size 1024K, 6 young (6144K), 3 survivors (3072K)
 Metaspace       used 51278K, committed 51712K, reserved 1097728K
  class space    used 6726K, committed 6912K, reserved 1048576K
}
Event: 68.037 GC heap after
{Heap after GC invocations=27 (full 0):
 garbage-first heap   total 76800K, used 45388K [0x00000000a0000000, 0x0000000100000000)
  region size 1024K, 2 young (2048K), 2 survivors (2048K)
 Metaspace       used 51278K, committed 51712K, reserved 1097728K
  class space    used 6726K, committed 6912K, reserved 1048576K
}
Event: 79.009 GC heap before
{Heap before GC invocations=28 (full 0):
 garbage-first heap   total 86016K, used 51532K [0x00000000a0000000, 0x0000000100000000)
  region size 1024K, 6 young (6144K), 2 survivors (2048K)
 Metaspace       used 51283K, committed 51712K, reserved 1097728K
  class space    used 6726K, committed 6912K, reserved 1048576K
}
Event: 79.010 GC heap after
{Heap after GC invocations=29 (full 0):
 garbage-first heap   total 86016K, used 52323K [0x00000000a0000000, 0x0000000100000000)
  region size 1024K, 2 young (2048K), 2 survivors (2048K)
 Metaspace       used 51283K, committed 51712K, reserved 1097728K
  class space    used 6726K, committed 6912K, reserved 1048576K
}

